<?xml version="1.0" encoding="UTF-8"?>
<!-- Generated by org.testng.reporters.JUnitReportReporter -->
<testsuite skipped="0" hostname="DESKTOP-AMOSNVQ" name="tests.InitialTest" tests="1" failures="0" timestamp="2021-04-30T17:04:53 EDT" time="0.016" errors="0">
  <testcase name="firstTest" time="0.016" classname="tests.InitialTest"/>
  <system-out/>
</testsuite> <!-- tests.InitialTest -->
